MPASM  5.15                     DELAY_ASM.ASM   3-6-2012  23:54:07         PAGE  1


LOC  OBJECT CODE     LINE SOURCE TEXT
  VALUE

Warning[205]: Found directive in column 1. (INCLUDE)
                      00001 INCLUDE "p18cxxx.inc"
                      00001         LIST
                      00002 ; P18CXXX.INC  Standard Header File, Microchip Technology, Inc.
                      00001         LIST
                      00002 
                      00003 ;==========================================================================
                      00004 ;  MPASM PIC18F4550 processor include
                      00005 ; 
                      00006 ;  (c) Copyright 1999-2007 Microchip Technology, All rights reserved
                      00007 ;==========================================================================
                      00008 
                      01643         LIST
                      00261   ENDIF
                      00262   IFDEF __18F4553
                      00263      INCLUDE <p18F4553.INC>
                      00264   ENDIF
                      00265   IFDEF __18F458
                      00266      INCLUDE <p18F458.INC>
                      00267   ENDIF
                      00268   IFDEF __18F4580
                      00269      INCLUDE <p18F4580.INC>
                      00270   ENDIF
                      00271   IFDEF __18F4585
                      00272      INCLUDE <p18F4585.INC>
                      00273   ENDIF
                      00274   IFDEF __18F45J10
                      00275      INCLUDE <p18F45J10.INC>
                      00276   ENDIF
                      00277   IFDEF __18F45K20
                      00278      INCLUDE <p18F45K20.INC>
                      00279   ENDIF
                      00280   IFDEF __18F4610
                      00281      INCLUDE <p18F4610.INC>
                      00282   ENDIF
                      00283   IFDEF __18F4620
                      00284      INCLUDE <p18F4620.INC>
                      00285   ENDIF
                      00286   IFDEF __18F4680
                      00287      INCLUDE <p18F4680.INC>
                      00288   ENDIF
                      00289   IFDEF __18F4682
                      00290      INCLUDE <p18F4682.INC>
                      00291   ENDIF
                      00292   IFDEF __18F4685
                      00293      INCLUDE <p18F4685.INC>
                      00294   ENDIF
                      00295   IFDEF __18F46K20
                      00296      INCLUDE <p18F46K20.INC>
                      00297   ENDIF
                      00298   IFDEF __18F6310
                      00299      INCLUDE <p18F6310.INC>
                      00300   ENDIF
MPASM  5.15                     DELAY_ASM.ASM   3-6-2012  23:54:07         PAGE  2


LOC  OBJECT CODE     LINE SOURCE TEXT
  VALUE

                      00301   IFDEF __18F6390
                      00302      INCLUDE <p18F6390.INC>
                      00303   ENDIF
                      00304   IFDEF __18F6393
                      00305      INCLUDE <p18F6393.INC>
                      00306   ENDIF
                      00307   IFDEF __18F63J11
                      00308      INCLUDE <p18F63J11.INC>
                      00309   ENDIF
                      00310   IFDEF __18F63J90
                      00311      INCLUDE <p18F63J90.INC>
                      00312   ENDIF
                      00313   IFDEF __18F6410
                      00314      INCLUDE <p18F6410.INC>
                      00315   ENDIF
                      00316   IFDEF __18F6490
                      00317      INCLUDE <p18F6490.INC>
                      00318   ENDIF
                      00319   IFDEF __18F6493
                      00320      INCLUDE <p18F6493.INC>
                      00321   ENDIF
                      00322   IFDEF __18F64J11
                      00323      INCLUDE <p18F64J11.INC>
                      00324   ENDIF
                      00325   IFDEF __18F64J90
                      00326      INCLUDE <p18F64J90.INC>
                      00327   ENDIF
                      00328   IFDEF __18F6520
                      00329      INCLUDE <p18F6520.INC>
                      00330   ENDIF
                      00331   IFDEF __18F6525
                      00332      INCLUDE <p18F6525.INC>
                      00333   ENDIF
                      00334   IFDEF __18F6527
                      00335      INCLUDE <p18F6527.INC>
                      00336   ENDIF
                      00337   IFDEF __18F6585
                      00338      INCLUDE <p18F6585.INC>
                      00339   ENDIF
                      00340   IFDEF __18F65J10
                      00341      INCLUDE <p18F65J10.INC>
                      00342   ENDIF
                      00343   IFDEF __18F65J11
                      00344      INCLUDE <p18F65J11.INC>
                      00345   ENDIF
                      00346   IFDEF __18F65J15
                      00347      INCLUDE <p18F65J15.INC>
                      00348   ENDIF
                      00349   IFDEF __18F65J50
                      00350      INCLUDE <p18F65J50.INC>
                      00351   ENDIF
                      00352   IFDEF __18F65J90
                      00353      INCLUDE <p18F65J90.INC>
MPASM  5.15                     DELAY_ASM.ASM   3-6-2012  23:54:07         PAGE  3


LOC  OBJECT CODE     LINE SOURCE TEXT
  VALUE

                      00354   ENDIF
                      00355   IFDEF __18F6620
                      00356      INCLUDE <p18F6620.INC>
                      00357   ENDIF
                      00358   IFDEF __18F6621
                      00359      INCLUDE <p18F6621.INC>
                      00360   ENDIF
                      00361   IFDEF __18F6622
                      00362      INCLUDE <p18F6622.INC>
                      00363   ENDIF
                      00364   IFDEF __18F6627
                      00365      INCLUDE <p18F6627.INC>
                      00366   ENDIF
                      00367   IFDEF __18F6628
                      00368      INCLUDE <p18F6628.INC>
                      00369   ENDIF
                      00370   IFDEF __18F6680
                      00371      INCLUDE <p18F6680.INC>
                      00372   ENDIF
                      00373   IFDEF __18F66J10
                      00374      INCLUDE <p18F66J10.INC>
                      00375   ENDIF
                      00376   IFDEF __18F66J11
                      00377      INCLUDE <p18F66J11.INC>
                      00378   ENDIF
                      00379   IFDEF __18F66J15
                      00380      INCLUDE <p18F66J15.INC>
                      00381   ENDIF
                      00382   IFDEF __18F66J16
                      00383      INCLUDE <p18F66J16.INC>
                      00384   ENDIF
                      00385   IFDEF __18F66J50
                      00386      INCLUDE <p18F66J50.INC>
                      00387   ENDIF
                      00388   IFDEF __18F66J55
                      00389      INCLUDE <p18F66J55.INC>
                      00390   ENDIF
                      00391   IFDEF __18F66J60
                      00392      INCLUDE <p18F66J60.INC>
                      00393   ENDIF
                      00394   IFDEF __18F66J65
                      00395      INCLUDE <p18F66J65.INC>
                      00396   ENDIF
                      00397   IFDEF __18F6720
                      00398      INCLUDE <p18F6720.INC>
                      00399   ENDIF
                      00400   IFDEF __18F6722
                      00401      INCLUDE <p18F6722.INC>
                      00402   ENDIF
                      00403   IFDEF __18F6723
                      00404      INCLUDE <p18F6723.INC>
                      00405   ENDIF
                      00406   IFDEF __18F67J10
MPASM  5.15                     DELAY_ASM.ASM   3-6-2012  23:54:07         PAGE  4


LOC  OBJECT CODE     LINE SOURCE TEXT
  VALUE

                      00407      INCLUDE <p18F67J10.INC>
                      00408   ENDIF
                      00409   IFDEF __18F67J11
                      00410      INCLUDE <p18F67J11.INC>
                      00411   ENDIF
                      00412   IFDEF __18F67J50
                      00413      INCLUDE <p18F67J50.INC>
                      00414   ENDIF
                      00415   IFDEF __18F67J60
                      00416      INCLUDE <p18F67J60.INC>
                      00417   ENDIF
                      00418   IFDEF __18F8310
                      00419      INCLUDE <p18F8310.INC>
                      00420   ENDIF
                      00421   IFDEF __18F8390
                      00422      INCLUDE <p18F8390.INC>
                      00423   ENDIF
                      00424   IFDEF __18F8393
                      00425      INCLUDE <p18F8393.INC>
                      00426   ENDIF
                      00427   IFDEF __18F83J11
                      00428      INCLUDE <p18F83J11.INC>
                      00429   ENDIF
                      00430   IFDEF __18F83J90
                      00431      INCLUDE <p18F83J90.INC>
                      00432   ENDIF
                      00433   IFDEF __18F8410
                      00434      INCLUDE <p18F8410.INC>
                      00435   ENDIF
                      00436   IFDEF __18F8490
                      00437      INCLUDE <p18F8490.INC>
                      00438   ENDIF
                      00439   IFDEF __18F8493
                      00440      INCLUDE <p18F8493.INC>
                      00441   ENDIF
                      00442   IFDEF __18F84J11
                      00443      INCLUDE <p18F84J11.INC>
                      00444   ENDIF
                      00445   IFDEF __18F84J90
                      00446      INCLUDE <p18F84J90.INC>
                      00447   ENDIF
                      00448   IFDEF __18F8520
                      00449      INCLUDE <p18F8520.INC>
                      00450   ENDIF
                      00451   IFDEF __18F8525
                      00452      INCLUDE <p18F8525.INC>
                      00453   ENDIF
                      00454   IFDEF __18F8527
                      00455      INCLUDE <p18F8527.INC>
                      00456   ENDIF
                      00457   IFDEF __18F8585
                      00458      INCLUDE <p18F8585.INC>
                      00459   ENDIF
MPASM  5.15                     DELAY_ASM.ASM   3-6-2012  23:54:07         PAGE  5


LOC  OBJECT CODE     LINE SOURCE TEXT
  VALUE

                      00460   IFDEF __18F85J10
                      00461      INCLUDE <p18F85J10.INC>
                      00462   ENDIF
                      00463   IFDEF __18F85J11
                      00464      INCLUDE <p18F85J11.INC>
                      00465   ENDIF
                      00466   IFDEF __18F85J15
                      00467      INCLUDE <p18F85J15.INC>
                      00468   ENDIF
                      00469   IFDEF __18F85J50
                      00470      INCLUDE <p18F85J50.INC>
                      00471   ENDIF
                      00472   IFDEF __18F85J90
                      00473      INCLUDE <p18F85J90.INC>
                      00474   ENDIF
                      00475   IFDEF __18F8620
                      00476      INCLUDE <p18F8620.INC>
                      00477   ENDIF
                      00478   IFDEF __18F8621
                      00479      INCLUDE <p18F8621.INC>
                      00480   ENDIF
                      00481   IFDEF __18F8622
                      00482      INCLUDE <p18F8622.INC>
                      00483   ENDIF
                      00484   IFDEF __18F8627
                      00485      INCLUDE <p18F8627.INC>
                      00486   ENDIF
                      00487   IFDEF __18F8628
                      00488      INCLUDE <p18F8628.INC>
                      00489   ENDIF
                      00490   IFDEF __18F8680
                      00491      INCLUDE <p18F8680.INC>
                      00492   ENDIF
                      00493   IFDEF __18F86J10
                      00494      INCLUDE <p18F86J10.INC>
                      00495   ENDIF
                      00496   IFDEF __18F86J11
                      00497      INCLUDE <p18F86J11.INC>
                      00498   ENDIF
                      00499   IFDEF __18F86J15
                      00500      INCLUDE <p18F86J15.INC>
                      00501   ENDIF
                      00502   IFDEF __18F86J16
                      00503      INCLUDE <p18F86J16.INC>
                      00504   ENDIF
                      00505   IFDEF __18F86J50
                      00506      INCLUDE <p18F86J50.INC>
                      00507   ENDIF
                      00508   IFDEF __18F86J55
                      00509      INCLUDE <p18F86J55.INC>
                      00510   ENDIF
                      00511   IFDEF __18F86J60
                      00512      INCLUDE <p18F86J60.INC>
MPASM  5.15                     DELAY_ASM.ASM   3-6-2012  23:54:07         PAGE  6


LOC  OBJECT CODE     LINE SOURCE TEXT
  VALUE

                      00513   ENDIF
                      00514   IFDEF __18F86J65
                      00515      INCLUDE <p18F86J65.INC>
                      00516   ENDIF
                      00517   IFDEF __18F8720
                      00518      INCLUDE <p18F8720.INC>
                      00519   ENDIF
                      00520   IFDEF __18F8722
                      00521      INCLUDE <p18F8722.INC>
                      00522   ENDIF
                      00523   IFDEF __18F8723
                      00524      INCLUDE <p18F8723.INC>
                      00525   ENDIF
                      00526   IFDEF __18F87J10
                      00527      INCLUDE <p18F87J10.INC>
                      00528   ENDIF
                      00529   IFDEF __18F87J11
                      00530      INCLUDE <p18F87J11.INC>
                      00531   ENDIF
                      00532   IFDEF __18F87J50
                      00533      INCLUDE <p18F87J50.INC>
                      00534   ENDIF
                      00535   IFDEF __18F87J60
                      00536      INCLUDE <p18F87J60.INC>
                      00537   ENDIF
                      00538   IFDEF __18F96J60
                      00539      INCLUDE <p18F96J60.INC>
                      00540   ENDIF
                      00541   IFDEF __18F96J65
                      00542      INCLUDE <p18F96J65.INC>
                      00543   ENDIF
                      00544   IFDEF __18F97J60
                      00545      INCLUDE <p18F97J60.INC>
                      00546   ENDIF
                      00547 
                      00002 
Warning[205]: Found directive in column 1. (CODE)
                      00003 CODE
                      00004 ;==============================================================================
                      00005 ; delay_asm_c18_32mhz
                      00006 ;
                      00007 ; Precise delay routine for Microchip C18 compiler for PIC running at 32MHz.
                      00008 ;
                      00009 ; C-function prototype:
                      00010 ; void delay_asm_pic18_32mhz (sint16 usec);
                      00011 ;
                      00012 ; usec must be > 0
                      00013 ; usec must be <= 0x7FFF (32767 us)
                      00014 ;
                      00015 ; The usec parameter is passed via the stack. See chapter "3.2 Calling
                      00016 ; Conventions in the MPLAB® C18 C COMPILER USER’S GUIDE" (Figure 3-2).
                      00017 ;
                      00018 ; MOVLW 0xfe => addresses low byte of usec via PLUSW1 register
MPASM  5.15                     DELAY_ASM.ASM   3-6-2012  23:54:07         PAGE  7


LOC  OBJECT CODE     LINE SOURCE TEXT
  VALUE

                      00019 ; MOVLW 0xff => addresses high byte of usec via PLUSW1 register
                      00020 ;==============================================================================
000000                00021 delay_asm_c18_32mhz
                      00022         ; increment high byte to compensate the decrement below (DECF PLUSW1, 0x1, 0x0)
000000 0EFF           00023         MOVLW 0xff                              ; address high byte via PLUSW1
000002 66E3           00024         TSTFSZ PLUSW1, 0x0              ; test if high byte is 0
000004 EF?? F???      00025         GOTO delay_big                  ; => if high byte != 0, we have a big delay
000008 EF?? F???      00026         GOTO delay_small                ; => high byte == 0, so we just need to take care of the low byt
                            e
                      00027         
00000C                00028 delay_big
00000C 0EFE           00029         MOVLW 0xfe                              ; address low byte via PLUSW1
00000E 66E3           00030         TSTFSZ PLUSW1, 0x0              ; test if low byte == 0
000010 EF?? F???      00031         GOTO inc_high                   ; if low byte != 0, one extra loop_high execution is required
000014 EF?? F???      00032         GOTO loop_low_overhead  ; if low byte == 0, no extra loop_high execution is required
                      00033 
                      00034 ; one extra loop_high execution is required
000018                00035 inc_high
000018 0EFF           00036         MOVLW 0xff                              ; address high byte via PLUSW1
00001A 2AE3           00037         INCF PLUSW1, 0x1, 0x0   ; increment high byte since one extra loop_high execution is required
                      00038 
                      00039 ; predecrement without NOPs to reduce overhead of above calculations
00001C                00040 loop_low_overhead
00001C 0EFE           00041         MOVLW 0xfe                              ; 
00001E 06E3           00042         DECF PLUSW1, 0x1, 0x0   ; 
000020 E0??           00043         BZ loop_high                    ; 
000022 06E3           00044         DECF PLUSW1, 0x1, 0x0   ; 
000024 E0??           00045         BZ loop_high                    ; 
000026 06E3           00046         DECF PLUSW1, 0x1, 0x0   ; 
000028 E0??           00047         BZ loop_high                    ; 
00002A 0000           00048         NOP
                      00049 
00002C                00050 loop_low
00002C 0000           00051         NOP
00002E 0000           00052         NOP
000030 0000           00053         NOP
000032 0000           00054         NOP
000034 0EFE           00055         MOVLW 0xfe                              ; 1 cycle
000036 06E3           00056         DECF PLUSW1, 0x1, 0x0   ; 1 cycle; decrement low byte
000038 E1??           00057         BNZ loop_low                    ; 2 cycles
                      00058 
00003A                00059 loop_high
00003A 0EFF           00060         MOVLW 0xff                              ; 1 cycle
00003C 06E3           00061         DECF PLUSW1, 0x1, 0x0   ; 1 cycle; decrement high byte
00003E E1??           00062         BNZ loop_low                    ; 2 cycle
000040 EF?? F???      00063         GOTO done
                      00064 
                      00065 
000044                00066 delay_small
                      00067 ; decrement low byte without NOPs (as it will be done inside loop_small) to make 1us
                      00068 ; delay more precise and reduce function all overhead
000044 0EFE           00069         MOVLW 0xfe                              ; 1 cycle       => 125ns
000046 06E3           00070         DECF PLUSW1, 0x1, 0x0   ; 1 cycle       => 125ns
MPASM  5.15                     DELAY_ASM.ASM   3-6-2012  23:54:07         PAGE  8


LOC  OBJECT CODE     LINE SOURCE TEXT
  VALUE

000048 E0??           00071         BZ done                 ; 2 cycles      => 250ns
                      00072 
                      00073 ; decrement low byte without NOPs (as it will be done inside loop_small) to make 2us
                      00074 ; delay more precise and reduce function all overhead
                      00075         ;MOVLW 0xfe                             ; 1 cycle       => 125ns
00004A 06E3           00076         DECF PLUSW1, 0x1, 0x0   ; 1 cycle       => 125ns
00004C E0??           00077         BZ done                 ; 2 cycles      => 250ns
                      00078 
                      00079 ; decrement low byte with fewer NOPs (as it will be done inside loop_small) to make 2us
                      00080 ; delay more precise and reduce function all overhead
00004E 06E3           00081         DECF PLUSW1, 0x1, 0x0   ; 1 cycle       => 125ns
000050 E0??           00082         BZ done                 ; 2 cycles      => 250ns
000052 0000           00083         NOP
000054 0000           00084         NOP
                      00085 
000056                00086 loop_small
000056 0000           00087         NOP
000058 0000           00088         NOP
00005A 0000           00089         NOP
00005C 0000           00090         NOP
00005E 0EFE           00091         MOVLW 0xfe                              ; 1 cycle
000060 06E3           00092         DECF PLUSW1, 0x1, 0x0   ; 1 cycle; decrement low byte
000062 E1??           00093         BNZ loop_small                  ; 2 cycles
                      00094 
000064                00095 done
000064 0012           00096         RETURN
                      00097 
                      00098 ; export so linker can see it
Warning[205]: Found directive in column 1. (GLOBAL)
  0000                00099 GLOBAL delay_asm_c18_32mhz
Warning[205]: Found directive in column 1. (END)
                      00100 END
MPASM  5.15                     DELAY_ASM.ASM   3-6-2012  23:54:07         PAGE  9


SYMBOL TABLE
  LABEL                             VALUE 

A                                 00000000
ABDEN                             00000000
ABDOVF                            00000007
ACCESS                            00000000
ACKDT                             00000005
ACKEN                             00000004
ACKSTAT                           00000006
ACQT0                             00000003
ACQT1                             00000004
ACQT2                             00000005
ACTVIE                            00000002
ACTVIF                            00000002
ADCON0                            00000FC2
ADCON1                            00000FC1
ADCON2                            00000FC0
ADCS0                             00000000
ADCS1                             00000001
ADCS2                             00000002
ADDEN                             00000003
ADDR0                             00000000
ADDR1                             00000001
ADDR2                             00000002
ADDR3                             00000003
ADDR4                             00000004
ADDR5                             00000005
ADDR6                             00000006
ADEN                              00000003
ADFM                              00000007
ADIE                              00000006
ADIF                              00000006
ADIP                              00000006
ADON                              00000000
ADRES                             00000FC3
ADRESH                            00000FC4
ADRESL                            00000FC3
AN0                               00000000
AN1                               00000001
AN2                               00000002
AN3                               00000003
AN4                               00000005
BANKED                            00000001
BAUDCON                           00000FB8
BCLIE                             00000003
BCLIF                             00000003
BCLIP                             00000003
BF                                00000000
BGST                              00000005
BOR                               00000000
BRG16                             00000003
BRGH                              00000002
BSR                               00000FE0
BTOEE                             00000004
BTOEF                             00000004
MPASM  5.15                     DELAY_ASM.ASM   3-6-2012  23:54:07         PAGE 10


SYMBOL TABLE
  LABEL                             VALUE 

BTSEE                             00000007
BTSEF                             00000007
C                                 00000000
C1INV                             00000004
C1OUT                             00000006
C2INV                             00000005
C2OUT                             00000007
CCP1                              00000002
CCP1AS                            00000FB6
CCP1CON                           00000FBD
CCP1DEL                           00000FB7
CCP1IE                            00000002
CCP1IF                            00000002
CCP1IP                            00000002
CCP1M0                            00000000
CCP1M1                            00000001
CCP1M2                            00000002
CCP1M3                            00000003
CCP2CON                           00000FBA
CCP2IE                            00000000
CCP2IF                            00000000
CCP2IP                            00000000
CCP2M0                            00000000
CCP2M1                            00000001
CCP2M2                            00000002
CCP2M3                            00000003
CCPR1                             00000FBE
CCPR1H                            00000FBF
CCPR1L                            00000FBE
CCPR2                             00000FBB
CCPR2H                            00000FBC
CCPR2L                            00000FBB
CFGS                              00000006
CHS0                              00000002
CHS1                              00000003
CHS2                              00000004
CHS3                              00000005
CIS                               00000003
CK                                00000006
CK1SPP                            00000000
CK2SPP                            00000001
CKE                               00000006
CKP                               00000004
CLK1EN                            00000004
CLKCFG0                           00000006
CLKCFG1                           00000007
CM0                               00000000
CM1                               00000001
CM2                               00000002
CMCON                             00000FB4
CMIE                              00000006
CMIF                              00000006
CMIP                              00000006
MPASM  5.15                     DELAY_ASM.ASM   3-6-2012  23:54:07         PAGE 11


SYMBOL TABLE
  LABEL                             VALUE 

CRC16EE                           00000002
CRC16EF                           00000002
CRC5EE                            00000001
CRC5EF                            00000001
CREN                              00000004
CSEN                              00000005
CSRC                              00000007
CVR0                              00000000
CVR1                              00000001
CVR2                              00000002
CVR3                              00000003
CVRCON                            00000FB5
CVREF                             00000004
CVREN                             00000007
CVROE                             00000006
CVRR                              00000005
CVRSS                             00000004
D                                 00000005
DATA_ADDRESS                      00000005
DC                                00000001
DC1B0                             00000004
DC1B1                             00000005
DC2B0                             00000004
DC2B1                             00000005
DDRA                              TRISA
DDRB                              TRISB
DDRC                              TRISC
DDRD                              TRISD
DDRE                              TRISE
DFN8EE                            00000003
DFN8EF                            00000003
DIR                               00000002
DONE                              00000001
D_A                               00000005
ECCP1AS                           00000FB6
ECCP1CON                          00000FBD
ECCP1DEL                          00000FB7
ECCPAS0                           00000004
ECCPAS1                           00000005
ECCPAS2                           00000006
ECCPASE                           00000007
EEADR                             00000FA9
EECON1                            00000FA6
EECON2                            00000FA7
EEDATA                            00000FA8
EEIE                              00000004
EEIF                              00000004
EEIP                              00000004
EEPGD                             00000007
ENDP0                             00000003
ENDP1                             00000004
ENDP2                             00000005
ENDP3                             00000006
MPASM  5.15                     DELAY_ASM.ASM   3-6-2012  23:54:07         PAGE 12


SYMBOL TABLE
  LABEL                             VALUE 

EPCONDIS                          00000003
EPHSHK                            00000004
EPINEN                            00000001
EPOUTEN                           00000002
EPSTALL                           00000000
FAST                              00000001
FERR                              00000002
FLTS                              00000002
FREE                              00000004
FRM0                              00000000
FRM1                              00000001
FRM10                             00000002
FRM2                              00000002
FRM3                              00000003
FRM4                              00000004
FRM5                              00000005
FRM6                              00000006
FRM7                              00000007
FRM8                              00000000
FRM9                              00000001
FSEN                              00000002
FSR0                              00000000
FSR0H                             00000FEA
FSR0L                             00000FE9
FSR1                              00000001
FSR1H                             00000FE2
FSR1L                             00000FE1
FSR2                              00000002
FSR2H                             00000FDA
FSR2L                             00000FD9
GCEN                              00000007
GIE                               00000007
GIEH                              00000007
GIEL                              00000006
GO                                00000001
GO_DONE                           00000001
HLVDCON                           00000FD2
HLVDEN                            00000004
HLVDIE                            00000002
HLVDIF                            00000002
HLVDIN                            00000005
HLVDIP                            00000002
HLVDL0                            00000000
HLVDL1                            00000001
HLVDL2                            00000002
HLVDL3                            00000003
I2C_DAT                           00000005
I2C_READ                          00000002
I2C_START                         00000003
I2C_STOP                          00000004
IDLEIE                            00000004
IDLEIF                            00000004
IDLEN                             00000007
MPASM  5.15                     DELAY_ASM.ASM   3-6-2012  23:54:07         PAGE 13


SYMBOL TABLE
  LABEL                             VALUE 

INDF0                             00000FEF
INDF1                             00000FE7
INDF2                             00000FDF
INT0                              00000000
INT0E                             00000004
INT0F                             00000001
INT0IE                            00000004
INT0IF                            00000001
INT1                              00000001
INT1E                             00000003
INT1F                             00000000
INT1IE                            00000003
INT1IF                            00000000
INT1IP                            00000006
INT1P                             00000006
INT2                              00000002
INT2E                             00000004
INT2F                             00000001
INT2IE                            00000004
INT2IF                            00000001
INT2IP                            00000007
INT2P                             00000007
INTCON                            00000FF2
INTCON2                           00000FF1
INTCON3                           00000FF0
INTEDG0                           00000006
INTEDG1                           00000005
INTEDG2                           00000004
INTSRC                            00000007
IOFS                              00000002
IPEN                              00000007
IPR1                              00000F9F
IPR2                              00000FA2
IRCF0                             00000004
IRCF1                             00000005
IRCF2                             00000006
IRVST                             00000005
IVRST                             00000005
LATA                              00000F89
LATA0                             00000000
LATA1                             00000001
LATA2                             00000002
LATA3                             00000003
LATA4                             00000004
LATA5                             00000005
LATA6                             00000006
LATB                              00000F8A
LATB0                             00000000
LATB1                             00000001
LATB2                             00000002
LATB3                             00000003
LATB4                             00000004
LATB5                             00000005
MPASM  5.15                     DELAY_ASM.ASM   3-6-2012  23:54:07         PAGE 14


SYMBOL TABLE
  LABEL                             VALUE 

LATB6                             00000006
LATB7                             00000007
LATC                              00000F8B
LATC0                             00000000
LATC1                             00000001
LATC2                             00000002
LATC6                             00000006
LATC7                             00000007
LATD                              00000F8C
LATD0                             00000000
LATD1                             00000001
LATD2                             00000002
LATD3                             00000003
LATD4                             00000004
LATD5                             00000005
LATD6                             00000006
LATD7                             00000007
LATE                              00000F8D
LATE0                             00000000
LATE1                             00000001
LATE2                             00000002
LVDCON                            00000FD2
LVDEN                             00000004
LVDIE                             00000002
LVDIF                             00000002
LVDIN                             00000005
LVDIP                             00000002
LVDL0                             00000000
LVDL1                             00000001
LVDL2                             00000002
LVDL3                             00000003
LVV0                              00000000
LVV1                              00000001
LVV2                              00000002
LVV3                              00000003
N                                 00000004
NOT_A                             00000005
NOT_ADDRESS                       00000005
NOT_BOR                           00000000
NOT_DONE                          00000001
NOT_IPEN                          00000007
NOT_PD                            00000002
NOT_POR                           00000001
NOT_RBPU                          00000007
NOT_RI                            00000004
NOT_T1SYNC                        00000002
NOT_T3SYNC                        00000002
NOT_TO                            00000003
NOT_W                             00000002
NOT_WRITE                         00000002
OERR                              00000001
OESPP                             00000002
OSC2                              00000006
MPASM  5.15                     DELAY_ASM.ASM   3-6-2012  23:54:07         PAGE 15


SYMBOL TABLE
  LABEL                             VALUE 

OSCCON                            00000FD3
OSCFIE                            00000007
OSCFIF                            00000007
OSCFIP                            00000007
OSCTUNE                           00000F9B
OSTS                              00000003
OV                                00000003
P                                 00000004
P1A                               00000002
P1M0                              00000006
P1M1                              00000007
PC                                00000FF9
PCFG0                             00000000
PCFG1                             00000001
PCFG2                             00000002
PCFG3                             00000003
PCL                               00000FF9
PCLATH                            00000FFA
PCLATU                            00000FFB
PD                                00000002
PDC0                              00000000
PDC1                              00000001
PDC2                              00000002
PDC3                              00000003
PDC4                              00000004
PDC5                              00000005
PDC6                              00000006
PEIE                              00000006
PEN                               00000002
PGC                               00000006
PGD                               00000007
PGM                               00000005
PIDEE                             00000000
PIDEF                             00000000
PIE1                              00000F9D
PIE2                              00000FA0
PIR1                              00000F9E
PIR2                              00000FA1
PKTDIS                            00000004
PLUSW0                            00000FEB
PLUSW1                            00000FE3
PLUSW2                            00000FDB
POR                               00000001
PORTA                             00000F80
PORTB                             00000F81
PORTC                             00000F82
PORTD                             00000F83
PORTE                             00000F84
POSTDEC0                          00000FED
POSTDEC1                          00000FE5
POSTDEC2                          00000FDD
POSTINC0                          00000FEE
POSTINC1                          00000FE6
MPASM  5.15                     DELAY_ASM.ASM   3-6-2012  23:54:07         PAGE 16


SYMBOL TABLE
  LABEL                             VALUE 

POSTINC2                          00000FDE
PPB0                              00000000
PPB1                              00000001
PPBI                              00000001
PPBRST                            00000006
PR2                               00000FCB
PREINC0                           00000FEC
PREINC1                           00000FE4
PREINC2                           00000FDC
PROD                              00000FF3
PRODH                             00000FF4
PRODL                             00000FF3
PRSEN                             00000007
PSA                               00000003
PSSAC0                            00000002
PSSAC1                            00000003
PSSBD0                            00000000
PSSBD1                            00000001
R                                 00000002
RA0                               00000000
RA1                               00000001
RA2                               00000002
RA3                               00000003
RA4                               00000004
RA5                               00000005
RA6                               00000006
RB0                               00000000
RB1                               00000001
RB2                               00000002
RB3                               00000003
RB4                               00000004
RB5                               00000005
RB6                               00000006
RB7                               00000007
RBIE                              00000003
RBIF                              00000000
RBIP                              00000000
RBPU                              00000007
RC0                               00000000
RC1                               00000001
RC2                               00000002
RC4                               00000004
RC5                               00000005
RC6                               00000006
RC7                               00000007
RCEN                              00000003
RCIDL                             00000006
RCIE                              00000005
RCIF                              00000005
RCIP                              00000005
RCMT                              00000006
RCON                              00000FD0
RCREG                             00000FAE
MPASM  5.15                     DELAY_ASM.ASM   3-6-2012  23:54:07         PAGE 17


SYMBOL TABLE
  LABEL                             VALUE 

RCSTA                             00000FAB
RD                                00000000
RD0                               00000000
RD1                               00000001
RD16                              00000007
RD2                               00000002
RD3                               00000003
RD4                               00000004
RD5                               00000005
RD6                               00000006
RD7                               00000007
RDPU                              00000007
RDSPP                             00000007
RE0                               00000000
RE1                               00000001
RE2                               00000002
RE3                               00000003
READ_WRITE                        00000002
RESUME                            00000002
RI                                00000004
RSEN                              00000001
RX                                00000007
RX9                               00000006
RX9D                              00000000
RXDTP                             00000005
R_W                               00000002
S                                 00000003
SBOREN                            00000006
SCKP                              00000004
SCS0                              00000000
SCS1                              00000001
SE0                               00000005
SEN                               00000000
SENDB                             00000003
SMP                               00000007
SOFIE                             00000006
SOFIF                             00000006
SPBRG                             00000FAF
SPBRGH                            00000FB0
SPEN                              00000007
SPP0                              00000000
SPP1                              00000001
SPP2                              00000002
SPP3                              00000003
SPP4                              00000004
SPP5                              00000005
SPP6                              00000006
SPP7                              00000007
SPPBUSY                           00000004
SPPCFG                            00000F63
SPPCON                            00000F65
SPPDATA                           00000F62
SPPEN                             00000000
MPASM  5.15                     DELAY_ASM.ASM   3-6-2012  23:54:07         PAGE 18


SYMBOL TABLE
  LABEL                             VALUE 

SPPEPS                            00000F64
SPPIE                             00000007
SPPIF                             00000007
SPPIP                             00000007
SPPOWN                            00000001
SREN                              00000005
SSPADD                            00000FC8
SSPBUF                            00000FC9
SSPCON1                           00000FC6
SSPCON2                           00000FC5
SSPEN                             00000005
SSPIE                             00000003
SSPIF                             00000003
SSPIP                             00000003
SSPM0                             00000000
SSPM1                             00000001
SSPM2                             00000002
SSPM3                             00000003
SSPOV                             00000006
SSPSTAT                           00000FC7
STALLIE                           00000005
STALLIF                           00000005
STATUS                            00000FD8
STKFUL                            00000007
STKPTR                            00000FFC
STKPTR0                           00000000
STKPTR1                           00000001
STKPTR2                           00000002
STKPTR3                           00000003
STKPTR4                           00000004
STKUNF                            00000006
SUSPND                            00000001
SWDTE                             00000000
SWDTEN                            00000000
SYNC                              00000004
T08BIT                            00000006
T0CKI                             00000004
T0CON                             00000FD5
T0CS                              00000005
T0IE                              00000005
T0IF                              00000002
T0IP                              00000002
T0PS0                             00000000
T0PS1                             00000001
T0PS2                             00000002
T0SE                              00000004
T13CKI                            00000000
T1CKPS0                           00000004
T1CKPS1                           00000005
T1CON                             00000FCD
T1OSCEN                           00000003
T1OSI                             00000001
T1OSO                             00000000
MPASM  5.15                     DELAY_ASM.ASM   3-6-2012  23:54:07         PAGE 19


SYMBOL TABLE
  LABEL                             VALUE 

T1RUN                             00000006
T1SYNC                            00000002
T2CKPS0                           00000000
T2CKPS1                           00000001
T2CON                             00000FCA
T2OUTPS0                          00000003
T2OUTPS1                          00000004
T2OUTPS2                          00000005
T2OUTPS3                          00000006
T3CCP1                            00000003
T3CCP2                            00000006
T3CKPS0                           00000004
T3CKPS1                           00000005
T3CON                             00000FB1
T3NSYNC                           00000002
T3SYNC                            00000002
TABLAT                            00000FF5
TBLPTR                            00000FF6
TBLPTRH                           00000FF7
TBLPTRL                           00000FF6
TBLPTRU                           00000FF8
TMR0H                             00000FD7
TMR0IE                            00000005
TMR0IF                            00000002
TMR0IP                            00000002
TMR0L                             00000FD6
TMR0ON                            00000007
TMR1CS                            00000001
TMR1H                             00000FCF
TMR1IE                            00000000
TMR1IF                            00000000
TMR1IP                            00000000
TMR1L                             00000FCE
TMR1ON                            00000000
TMR2                              00000FCC
TMR2IE                            00000001
TMR2IF                            00000001
TMR2IP                            00000001
TMR2ON                            00000002
TMR3CS                            00000001
TMR3H                             00000FB3
TMR3IE                            00000001
TMR3IF                            00000001
TMR3IP                            00000001
TMR3L                             00000FB2
TMR3ON                            00000000
TO                                00000003
TOS                               00000FFD
TOSH                              00000FFE
TOSL                              00000FFD
TOSU                              00000FFF
TRISA                             00000F92
TRISA0                            00000000
MPASM  5.15                     DELAY_ASM.ASM   3-6-2012  23:54:07         PAGE 20


SYMBOL TABLE
  LABEL                             VALUE 

TRISA1                            00000001
TRISA2                            00000002
TRISA3                            00000003
TRISA4                            00000004
TRISA5                            00000005
TRISA6                            00000006
TRISB                             00000F93
TRISB0                            00000000
TRISB1                            00000001
TRISB2                            00000002
TRISB3                            00000003
TRISB4                            00000004
TRISB5                            00000005
TRISB6                            00000006
TRISB7                            00000007
TRISC                             00000F94
TRISC0                            00000000
TRISC1                            00000001
TRISC2                            00000002
TRISC6                            00000006
TRISC7                            00000007
TRISD                             00000F95
TRISD0                            00000000
TRISD1                            00000001
TRISD2                            00000002
TRISD3                            00000003
TRISD4                            00000004
TRISD5                            00000005
TRISD6                            00000006
TRISD7                            00000007
TRISE                             00000F96
TRISE0                            00000000
TRISE1                            00000001
TRISE2                            00000002
TRMT                              00000001
TRNIE                             00000003
TRNIF                             00000003
TUN0                              00000000
TUN1                              00000001
TUN2                              00000002
TUN3                              00000003
TUN4                              00000004
TX                                00000006
TX9                               00000006
TX9D                              00000000
TXCKP                             00000004
TXEN                              00000005
TXIE                              00000004
TXIF                              00000004
TXIP                              00000004
TXREG                             00000FAD
TXSTA                             00000FAC
UA                                00000001
MPASM  5.15                     DELAY_ASM.ASM   3-6-2012  23:54:07         PAGE 21


SYMBOL TABLE
  LABEL                             VALUE 

UADDR                             00000F6E
UCFG                              00000F6F
UCON                              00000F6D
UEIE                              00000F6B
UEIR                              00000F6A
UEP0                              00000F70
UEP1                              00000F71
UEP10                             00000F7A
UEP11                             00000F7B
UEP12                             00000F7C
UEP13                             00000F7D
UEP14                             00000F7E
UEP15                             00000F7F
UEP2                              00000F72
UEP3                              00000F73
UEP4                              00000F74
UEP5                              00000F75
UEP6                              00000F76
UEP7                              00000F77
UEP8                              00000F78
UEP9                              00000F79
UERRIE                            00000001
UERRIF                            00000001
UFRM                              00000F66
UFRMH                             00000F67
UFRML                             00000F66
UIE                               00000F69
UIR                               00000F68
UOEMON                            00000006
UPUEN                             00000004
URSTIE                            00000000
URSTIF                            00000000
USBEN                             00000003
USBIE                             00000005
USBIF                             00000005
USBIP                             00000005
USTAT                             00000F6C
UTEYE                             00000007
UTRDIS                            00000003
VCFG0                             00000004
VCFG1                             00000005
VDIRMAG                           00000007
VREFM                             00000002
VREFP                             00000003
W                                 00000000
WCOL                              00000007
WDTCON                            00000FD1
WR                                00000001
WREG                              00000FE8
WREN                              00000002
WRERR                             00000003
WRSPP                             00000006
WS0                               00000000
MPASM  5.15                     DELAY_ASM.ASM   3-6-2012  23:54:07         PAGE 22


SYMBOL TABLE
  LABEL                             VALUE 

WS1                               00000001
WS2                               00000002
WS3                               00000003
WUE                               00000001
Z                                 00000002
_BORV_0_2L                        000000E7
_BORV_1_2L                        000000EF
_BORV_2_2L                        000000F7
_BORV_3_2L                        000000FF
_BOR_OFF_2L                       000000F9
_BOR_ON_2L                        000000FF
_BOR_ON_ACTIVE_2L                 000000FD
_BOR_SOFT_2L                      000000FB
_CCP2MX_OFF_3H                    000000FE
_CCP2MX_ON_3H                     000000FF
_CONFIG1H                         00300001
_CONFIG1L                         00300000
_CONFIG2H                         00300003
_CONFIG2L                         00300002
_CONFIG3H                         00300005
_CONFIG4L                         00300006
_CONFIG5H                         00300009
_CONFIG5L                         00300008
_CONFIG6H                         0030000B
_CONFIG6L                         0030000A
_CONFIG7H                         0030000D
_CONFIG7L                         0030000C
_CP0_OFF_5L                       000000FF
_CP0_ON_5L                        000000FE
_CP1_OFF_5L                       000000FF
_CP1_ON_5L                        000000FD
_CP2_OFF_5L                       000000FF
_CP2_ON_5L                        000000FB
_CP3_OFF_5L                       000000FF
_CP3_ON_5L                        000000F7
_CPB_OFF_5H                       000000FF
_CPB_ON_5H                        000000BF
_CPD_OFF_5H                       000000FF
_CPD_ON_5H                        0000007F
_CPUDIV_OSC1_PLL2_1L              000000E7
_CPUDIV_OSC2_PLL3_1L              000000EF
_CPUDIV_OSC3_PLL4_1L              000000F7
_CPUDIV_OSC4_PLL6_1L              000000FF
_DEBUG_OFF_4L                     000000FF
_DEBUG_ON_4L                      0000007F
_DEVID1                           003FFFFE
_DEVID2                           003FFFFF
_EBTR0_OFF_7L                     000000FF
_EBTR0_ON_7L                      000000FE
_EBTR1_OFF_7L                     000000FF
_EBTR1_ON_7L                      000000FD
_EBTR2_OFF_7L                     000000FF
_EBTR2_ON_7L                      000000FB
MPASM  5.15                     DELAY_ASM.ASM   3-6-2012  23:54:07         PAGE 23


SYMBOL TABLE
  LABEL                             VALUE 

_EBTR3_OFF_7L                     000000FF
_EBTR3_ON_7L                      000000F7
_EBTRB_OFF_7H                     000000FF
_EBTRB_ON_7H                      000000BF
_FCMEN_OFF_1H                     000000BF
_FCMEN_ON_1H                      000000FF
_FOSC_ECIO_EC_1H                  000000F4
_FOSC_ECPLLIO_EC_1H               000000F6
_FOSC_ECPLL_EC_1H                 000000F7
_FOSC_EC_EC_1H                    000000F5
_FOSC_HSPLL_HS_1H                 000000FE
_FOSC_HS_1H                       000000FC
_FOSC_INTOSCIO_EC_1H              000000F8
_FOSC_INTOSC_EC_1H                000000F9
_FOSC_INTOSC_HS_1H                000000FB
_FOSC_INTOSC_XT_1H                000000FA
_FOSC_XTPLL_XT_1H                 000000F2
_FOSC_XT_XT_1H                    000000F0
_ICPRT_OFF_4L                     000000DF
_ICPRT_ON_4L                      000000FF
_IDLOC0                           00200000
_IDLOC1                           00200001
_IDLOC2                           00200002
_IDLOC3                           00200003
_IDLOC4                           00200004
_IDLOC5                           00200005
_IDLOC6                           00200006
_IDLOC7                           00200007
_IESO_OFF_1H                      0000007F
_IESO_ON_1H                       000000FF
_LPT1OSC_OFF_3H                   000000FB
_LPT1OSC_ON_3H                    000000FF
_LVP_OFF_4L                       000000FB
_LVP_ON_4L                        000000FF
_MCLRE_OFF_3H                     0000007F
_MCLRE_ON_3H                      000000FF
_PBADEN_OFF_3H                    000000FD
_PBADEN_ON_3H                     000000FF
_PLLDIV_10_1L                     000000FE
_PLLDIV_12_1L                     000000FF
_PLLDIV_1_1L                      000000F8
_PLLDIV_2_1L                      000000F9
_PLLDIV_3_1L                      000000FA
_PLLDIV_4_1L                      000000FB
_PLLDIV_5_1L                      000000FC
_PLLDIV_6_1L                      000000FD
_PWRT_OFF_2L                      000000FF
_PWRT_ON_2L                       000000FE
_STVREN_OFF_4L                    000000FE
_STVREN_ON_4L                     000000FF
_USBDIV_1_1L                      000000DF
_USBDIV_2_1L                      000000FF
_VREGEN_OFF_2L                    000000DF
MPASM  5.15                     DELAY_ASM.ASM   3-6-2012  23:54:07         PAGE 24


SYMBOL TABLE
  LABEL                             VALUE 

_VREGEN_ON_2L                     000000FF
_WDTPS_1024_2H                    000000F5
_WDTPS_128_2H                     000000EF
_WDTPS_16384_2H                   000000FD
_WDTPS_16_2H                      000000E9
_WDTPS_1_2H                       000000E1
_WDTPS_2048_2H                    000000F7
_WDTPS_256_2H                     000000F1
_WDTPS_2_2H                       000000E3
_WDTPS_32768_2H                   000000FF
_WDTPS_32_2H                      000000EB
_WDTPS_4096_2H                    000000F9
_WDTPS_4_2H                       000000E5
_WDTPS_512_2H                     000000F3
_WDTPS_64_2H                      000000ED
_WDTPS_8192_2H                    000000FB
_WDTPS_8_2H                       000000E7
_WDT_OFF_2H                       000000FE
_WDT_ON_2H                        000000FF
_WRT0_OFF_6L                      000000FF
_WRT0_ON_6L                       000000FE
_WRT1_OFF_6L                      000000FF
_WRT1_ON_6L                       000000FD
_WRT2_OFF_6L                      000000FF
_WRT2_ON_6L                       000000FB
_WRT3_OFF_6L                      000000FF
_WRT3_ON_6L                       000000F7
_WRTB_OFF_6H                      000000FF
_WRTB_ON_6H                       000000BF
_WRTC_OFF_6H                      000000FF
_WRTC_ON_6H                       000000DF
_WRTD_OFF_6H                      000000FF
_WRTD_ON_6H                       0000007F
_XINST_OFF_4L                     000000BF
_XINST_ON_4L                      000000FF
__18F4550                         00000001
__DEBUG                           1
delay_asm_c18_32mhz               00000000
delay_big                         0000000C
delay_small                       00000044
done                              00000064
inc_high                          00000018
loop_high                         0000003A
loop_low                          0000002C
loop_low_overhead                 0000001C
loop_small                        00000056

Errors   :     0
Warnings :     4 reported,     0 suppressed
Messages :     0 reported,     0 suppressed

